<?xml version="1.0" encoding="UTF-8"?>
<testng-results skipped="0" failed="1" ignored="0" total="3" passed="2">
  <reporter-output>
  </reporter-output>
  <suite name="SuiteTour" duration-ms="111902" started-at="2019-02-20T08:33:27Z" finished-at="2019-02-20T08:35:19Z">
    <groups>
    </groups>
    <test name="TestTour" duration-ms="111902" started-at="2019-02-20T08:33:27Z" finished-at="2019-02-20T08:35:19Z">
      <class name="Test.Mercurytsmvproject.MercuryTestTour">
        <test-method status="PASS" signature="openBrowser()[pri:0, instance:Test.Mercurytsmvproject.MercuryTestTour@5e5792a0]" name="openBrowser" is-config="true" duration-ms="13242" started-at="2019-02-20T08:33:14Z" finished-at="2019-02-20T08:33:27Z">
          <reporter-output>
          </reporter-output>
        </test-method> <!-- openBrowser -->
        <test-method status="PASS" signature="enterApplUrl()[pri:0, instance:Test.Mercurytsmvproject.MercuryTestTour@5e5792a0]" name="enterApplUrl" is-config="true" duration-ms="14324" started-at="2019-02-20T08:33:27Z" finished-at="2019-02-20T08:33:41Z">
          <reporter-output>
          </reporter-output>
        </test-method> <!-- enterApplUrl -->
        <test-method status="PASS" signature="maximumBrowser()[pri:0, instance:Test.Mercurytsmvproject.MercuryTestTour@5e5792a0]" name="maximumBrowser" is-config="true" duration-ms="1217" started-at="2019-02-20T08:33:41Z" finished-at="2019-02-20T08:33:43Z">
          <reporter-output>
          </reporter-output>
        </test-method> <!-- maximumBrowser -->
        <test-method status="PASS" signature="getcookies()[pri:0, instance:Test.Mercurytsmvproject.MercuryTestTour@5e5792a0]" name="getcookies" is-config="true" duration-ms="99" started-at="2019-02-20T08:33:43Z" finished-at="2019-02-20T08:33:43Z">
          <reporter-output>
          </reporter-output>
        </test-method> <!-- getcookies -->
        <test-method status="PASS" signature="loginwithValidDetails()[pri:1, instance:Test.Mercurytsmvproject.MercuryTestTour@5e5792a0]" name="loginwithValidDetails" duration-ms="34726" started-at="2019-02-20T08:33:43Z" description="Verify that the valid user is able to login" finished-at="2019-02-20T08:34:17Z">
          <reporter-output>
          </reporter-output>
        </test-method> <!-- loginwithValidDetails -->
        <test-method status="PASS" signature="captureScreenshot(org.testng.ITestResult)[pri:0, instance:Test.Mercurytsmvproject.MercuryTestTour@5e5792a0]" name="captureScreenshot" is-config="true" duration-ms="5" started-at="2019-02-20T08:34:17Z" finished-at="2019-02-20T08:34:17Z">
          <params>
            <param index="0">
              <value>
                <![CDATA[[TestResult name=loginwithValidDetails status=SUCCESS method=MercuryTestTour.loginwithValidDetails()[pri:1, instance:Test.Mercurytsmvproject.MercuryTestTour@5e5792a0] output={null}]]]>
              </value>
            </param>
          </params>
          <reporter-output>
          </reporter-output>
        </test-method> <!-- captureScreenshot -->
        <test-method status="PASS" signature="getcookies()[pri:0, instance:Test.Mercurytsmvproject.MercuryTestTour@5e5792a0]" name="getcookies" is-config="true" duration-ms="16" started-at="2019-02-20T08:34:17Z" finished-at="2019-02-20T08:34:17Z">
          <reporter-output>
          </reporter-output>
        </test-method> <!-- getcookies -->
        <test-method status="PASS" signature="loginwithValidDetails2()[pri:2, instance:Test.Mercurytsmvproject.MercuryTestTour@5e5792a0]" name="loginwithValidDetails2" duration-ms="59460" started-at="2019-02-20T08:34:17Z" description="Verify that the valid user2 is able to login" finished-at="2019-02-20T08:35:17Z">
          <reporter-output>
          </reporter-output>
        </test-method> <!-- loginwithValidDetails2 -->
        <test-method status="PASS" signature="captureScreenshot(org.testng.ITestResult)[pri:0, instance:Test.Mercurytsmvproject.MercuryTestTour@5e5792a0]" name="captureScreenshot" is-config="true" duration-ms="1" started-at="2019-02-20T08:35:17Z" finished-at="2019-02-20T08:35:17Z">
          <params>
            <param index="0">
              <value>
                <![CDATA[[TestResult name=loginwithValidDetails2 status=SUCCESS method=MercuryTestTour.loginwithValidDetails2()[pri:2, instance:Test.Mercurytsmvproject.MercuryTestTour@5e5792a0] output={null}]]]>
              </value>
            </param>
          </params>
          <reporter-output>
          </reporter-output>
        </test-method> <!-- captureScreenshot -->
        <test-method status="PASS" signature="getcookies()[pri:0, instance:Test.Mercurytsmvproject.MercuryTestTour@5e5792a0]" name="getcookies" is-config="true" duration-ms="20" started-at="2019-02-20T08:35:17Z" finished-at="2019-02-20T08:35:17Z">
          <reporter-output>
          </reporter-output>
        </test-method> <!-- getcookies -->
        <test-method status="FAIL" signature="loginwithInvalidDetails()[pri:3, instance:Test.Mercurytsmvproject.MercuryTestTour@5e5792a0]" name="loginwithInvalidDetails" duration-ms="26" started-at="2019-02-20T08:35:17Z" description="Verify that the valid user3 is able to login" finished-at="2019-02-20T08:35:17Z">
          <exception class="java.lang.AssertionError">
            <message>
              <![CDATA[expected [Welcome: Mercury Tours] but found [Sign-on: Mercury Tours]]]>
            </message>
            <full-stacktrace>
              <![CDATA[java.lang.AssertionError: expected [Welcome: Mercury Tours] but found [Sign-on: Mercury Tours]
at org.testng.Assert.fail(Assert.java:96)
at org.testng.Assert.failNotEquals(Assert.java:776)
at org.testng.Assert.assertEqualsImpl(Assert.java:137)
at org.testng.Assert.assertEquals(Assert.java:118)
at org.testng.Assert.assertEquals(Assert.java:453)
at org.testng.Assert.assertEquals(Assert.java:463)
at Test.Mercurytsmvproject.MercuryTestTour.loginwithInvalidDetails(MercuryTestTour.java:77)
at sun.reflect.NativeMethodAccessorImpl.invoke0(Native Method)
at sun.reflect.NativeMethodAccessorImpl.invoke(NativeMethodAccessorImpl.java:62)
at sun.reflect.DelegatingMethodAccessorImpl.invoke(DelegatingMethodAccessorImpl.java:43)
at java.lang.reflect.Method.invoke(Method.java:498)
at org.testng.internal.MethodInvocationHelper.invokeMethod(MethodInvocationHelper.java:124)
at org.testng.internal.Invoker.invokeMethod(Invoker.java:583)
at org.testng.internal.Invoker.invokeTestMethod(Invoker.java:719)
at org.testng.internal.Invoker.invokeTestMethods(Invoker.java:989)
at org.testng.internal.TestMethodWorker.invokeTestMethods(TestMethodWorker.java:125)
at org.testng.internal.TestMethodWorker.run(TestMethodWorker.java:109)
at org.testng.TestRunner.privateRun(TestRunner.java:648)
at org.testng.TestRunner.run(TestRunner.java:505)
at org.testng.SuiteRunner.runTest(SuiteRunner.java:455)
at org.testng.SuiteRunner.runSequentially(SuiteRunner.java:450)
at org.testng.SuiteRunner.privateRun(SuiteRunner.java:415)
at org.testng.SuiteRunner.run(SuiteRunner.java:364)
at org.testng.SuiteRunnerWorker.runSuite(SuiteRunnerWorker.java:52)
at org.testng.SuiteRunnerWorker.run(SuiteRunnerWorker.java:84)
at org.testng.TestNG.runSuitesSequentially(TestNG.java:1208)
at org.testng.TestNG.runSuitesLocally(TestNG.java:1137)
at org.testng.TestNG.runSuites(TestNG.java:1049)
at org.testng.TestNG.run(TestNG.java:1017)
at org.testng.remote.AbstractRemoteTestNG.run(AbstractRemoteTestNG.java:114)
at org.testng.remote.RemoteTestNG.initAndRun(RemoteTestNG.java:251)
at org.testng.remote.RemoteTestNG.main(RemoteTestNG.java:77)
]]>
            </full-stacktrace>
          </exception> <!-- java.lang.AssertionError -->
          <reporter-output>
          </reporter-output>
        </test-method> <!-- loginwithInvalidDetails -->
        <test-method status="PASS" signature="captureScreenshot(org.testng.ITestResult)[pri:0, instance:Test.Mercurytsmvproject.MercuryTestTour@5e5792a0]" name="captureScreenshot" is-config="true" duration-ms="539" started-at="2019-02-20T08:35:17Z" finished-at="2019-02-20T08:35:18Z">
          <params>
            <param index="0">
              <value>
                <![CDATA[[TestResult name=loginwithInvalidDetails status=FAILURE method=MercuryTestTour.loginwithInvalidDetails()[pri:3, instance:Test.Mercurytsmvproject.MercuryTestTour@5e5792a0] output={null}]]]>
              </value>
            </param>
          </params>
          <reporter-output>
          </reporter-output>
        </test-method> <!-- captureScreenshot -->
        <test-method status="PASS" signature="deleteAllCokkies()[pri:0, instance:Test.Mercurytsmvproject.MercuryTestTour@5e5792a0]" name="deleteAllCokkies" is-config="true" duration-ms="1157" started-at="2019-02-20T08:35:18Z" finished-at="2019-02-20T08:35:19Z">
          <reporter-output>
          </reporter-output>
        </test-method> <!-- deleteAllCokkies -->
        <test-method status="PASS" signature="dbConnection()[pri:0, instance:Test.Mercurytsmvproject.MercuryTestTour@5e5792a0]" name="dbConnection" is-config="true" duration-ms="0" started-at="2019-02-20T08:35:19Z" finished-at="2019-02-20T08:35:19Z">
          <reporter-output>
          </reporter-output>
        </test-method> <!-- dbConnection -->
        <test-method status="PASS" signature="closeBrowser()[pri:0, instance:Test.Mercurytsmvproject.MercuryTestTour@5e5792a0]" name="closeBrowser" is-config="true" duration-ms="421" started-at="2019-02-20T08:35:19Z" finished-at="2019-02-20T08:35:19Z">
          <reporter-output>
          </reporter-output>
        </test-method> <!-- closeBrowser -->
      </class> <!-- Test.Mercurytsmvproject.MercuryTestTour -->
    </test> <!-- TestTour -->
  </suite> <!-- SuiteTour -->
</testng-results>
