<?xml version="1.0" encoding="UTF-8"?>
<!-- Generated by org.testng.reporters.JUnitXMLReporter -->
<testsuite hostname="DESKTOP-A522TDA" ignored="0" name="TestTour" tests="3" failures="1" timestamp="20 Feb 2019 08:35:19 GMT" time="111.902" errors="0">
  <testcase name="loginwithValidDetails" time="34.726" classname="Test.Mercurytsmvproject.MercuryTestTour"/>
  <testcase name="loginwithValidDetails2" time="59.46" classname="Test.Mercurytsmvproject.MercuryTestTour"/>
  <testcase name="loginwithInvalidDetails" time="0.026" classname="Test.Mercurytsmvproject.MercuryTestTour">
    <failure type="java.lang.AssertionError" message="expected [Welcome: Mercury Tours] but found [Sign-on: Mercury Tours]">
      <![CDATA[java.lang.AssertionError: expected [Welcome: Mercury Tours] but found [Sign-on: Mercury Tours]
at Test.Mercurytsmvproject.MercuryTestTour.loginwithInvalidDetails(MercuryTestTour.java:77)
... Removed 31 stack frames]]>
    </failure>
  </testcase> <!-- loginwithInvalidDetails -->
</testsuite> <!-- TestTour -->
